[Bootstrap]
SetupTitle=Install
SetupText=Copying Files, please stand by.
CabFile=Base De Datos System.CAB
Spawn=Setup1.exe
Uninstal=st6unst.exe
TmpDir=msftqws.pdw
Cabs=1

[Bootstrap Files]
File1=@VB6STKIT.DLL,$(WinSysPathSysFile),,,5/31/99 11:00:00 PM,101888,6.0.84.50
File2=@COMCAT.DLL,$(WinSysPathSysFile),$(DLLSelfRegister),,5/30/98 11:00:00 PM,22288,4.71.1460.1
File3=@MSVCRT40.DLL,$(WinSysPathSysFile),,,5/30/98 11:00:00 PM,326656,4.21.0.0
File4=@stdole2.tlb,$(WinSysPathSysFile),$(TLBRegister),,9/6/04 2:29:02 AM,17920,3.50.5014.0
File5=@asycfilt.dll,$(WinSysPathSysFile),,,8/19/04 9:41:46 AM,65024,5.1.2600.2180
File6=@olepro32.dll,$(WinSysPathSysFile),$(DLLSelfRegister),,8/19/04 9:42:22 AM,83456,5.1.2600.2180
File7=@oleaut32.dll,$(WinSysPathSysFile),$(DLLSelfRegister),,8/19/04 9:42:22 AM,553472,5.1.2600.2180
File8=@msvbvm60.dll,$(WinSysPathSysFile),$(DLLSelfRegister),,8/19/04 9:42:18 AM,1392671,6.0.96.90

[IconGroups]
Group0=BaseDeDatosSystem
PrivateGroup0=True
Parent0=$(Programs)

[BaseDeDatosSystem]
Icon1=""Base De Datos System.exe""
Title1=BaseDeDatosSystem
StartIn1=$(AppPath)

[Setup]
Title=BaseDeDatosSystem
DefaultDir=$(ProgramFiles)\BaseDeDatosSystem
AppExe=Base De Datos System.exe
AppToUninstall=Base De Datos System.exe

[Setup1 Files]
File1=@Medicina.mdb,$(AppPath),,$(Shared),1/8/04 9:18:37 AM,49152,0.0.0.0
File2=@Sistemas.mdb,$(AppPath),,$(Shared),10/28/08 7:59:54 AM,49152,0.0.0.0
File3=@MDAC_TYP.EXE,$(AppPath),,$(Shared),6/25/98 11:00:00 PM,8124720,4.71.1015.0
File4=@RDOCURS.DLL,$(WinSysPath),,$(Shared),4/3/00 5:52:54 PM,151552,6.0.88.4
File5=@MSRDO20.DLL,$(WinSysPath),$(DLLSelfRegister),$(Shared),5/11/00 1:06:20 PM,397312,6.0.88.62
File6=@MSSTDFMT.DLL,$(WinSysPath),$(DLLSelfRegister),$(Shared),7/24/06 10:50:38 AM,125744,6.0.84.50
File7=@MSBIND.DLL,$(WinSysPath),$(DLLSelfRegister),$(Shared),6/17/98 11:00:00 PM,77824,6.0.81.69
File8=@MSDBRPTR.DLL,$(WinSysPath),$(DLLSelfRegister),$(Shared),6/17/98 11:00:00 PM,299008,6.0.81.69
File9=@msado20.tlb,$(WinSysPath),,$(Shared),8/3/04 4:21:44 PM,61440,2.81.1117.0
File10=@MSDERUN.DLL,$(CommonFiles)\designer,$(DLLSelfRegister),$(Shared),6/8/98 11:00:00 PM,137216,6.0.0.3005
File11=@VB5DB.DLL,$(WinSysPath),,$(Shared),6/17/98 11:00:00 PM,89360,6.0.81.69
File12=@MSREPL35.DLL,$(WinSysPathSysFile),,,4/23/98 11:00:00 PM,407312,3.51.623.0
File13=@MSRD2X35.DLL,$(WinSysPathSysFile),$(DLLSelfRegister),,4/23/98 11:00:00 PM,252176,3.51.623.0
File14=@expsrv.dll,$(WinSysPathSysFile),,,8/19/04 9:42:08 AM,380957,6.0.72.9589
File15=@vbajet32.dll,$(WinSysPathSysFile),,,8/19/04 9:42:28 AM,30749,6.0.1.9431
File16=@MSJINT35.DLL,$(WinSysPathSysFile),,,4/23/98 11:00:00 PM,123664,3.51.623.0
File17=@MSJTER35.DLL,$(WinSysPathSysFile),,,4/23/98 11:00:00 PM,24848,3.51.623.0
File18=@MSJET35.DLL,$(WinSysPathSysFile),$(DLLSelfRegister),,4/23/98 11:00:00 PM,1045776,3.51.623.4
File19=@DAO350.DLL,$(MSDAOPath),$(DLLSelfRegister),$(Shared),4/26/98 11:00:00 PM,570128,3.51.1608.0
File20=@comctl32.ocx,$(WinSysPath),$(DLLSelfRegister),$(Shared),5/22/00 10:58:00 PM,608448,6.0.81.5
File21=@Base De Datos System.exe,$(AppPath),,$(Shared),1/8/04 10:02:02 AM,208896,1.0.0.0

; The following lines may be deleted in order to obtain extra 
; space for customizing this file on a full installation diskette.
; 
; XXXXXXXXXXXXXXXXXXXXXXXXXXXXXXXXXXXXXXXXXXXXXXXXXXXXXXXXXXXX
; XXXXXXXXXXXXXXXXXXXXXXXXXXXXXXXXXXXXXXXXXXXXXXXXXXXXXXXXXXXX
; XXXXXXXXXXXXXXXXXXXXXXXXXXXXXXXXXXXXXXXXXXXXXXXXXXXXXXXXXXXX
; XXXXXXXXXXXXXXXXXXXXXXXXXXXXXXXXXXXXXXXXXXXXXXXXXXXXXXXXXXXX
; XXXXXXXXXXXXXXXXXXXXXXXXXXXXXXXXXXXXXXXXXXXXXXXXXXXXXXXXXXXX
; XXXXXXXXXXXXXXXXXXXXXXXXXXXXXXXXXXXXXXXXXXXXXXXXXXXXXXXXXXXX
; XXXXXXXXXXXXXXXXXXXXXXXXXXXXXXXXXXXXXXXXXXXXXXXXXXXXXXXXXXXX
; XXXXXXXXXXXXXXXXXXXXXXXXXXXXXXXXXXXXXXXXXXXXXXXXXXXXXXXXXXXX
; XXXXXXXXXXXXXXXXXXXXXXXXXXXXXXXXXXXXXXXXXXXXXXXXXXXXXXXXXXXX
; XXXXXXXXXXXXXXXXXXXXXXXXXXXXXXXXXXXXXXXXXXXXXXXXXXXXXXXXXXXX
; XXXXXXXXXXXXXXXXXXXXXXXXXXXXXXXXXXXXXXXXXXXXXXXXXXXXXXXXXXXX
; XXXXXXXXXXXXXXXXXXXXXXXXXXXXXXXXXXXXXXXXXXXXXXXXXXXXXXXXXXXX
; XXXXXXXXXXXXXXXXXXXXXXXXXXXXXXXXXXXXXXXXXXXXXXXXXXXXXXXXXXXX
; XXXXXXXXXXXXXXXXXXXXXXXXXXXXXXXXXXXXXXXXXXXXXXXXXXXXXXXXXXXX
; XXXXXXXXXXXXXXXXXXXXXXXXXXXXXXXXXXXXXXXXXXXXXXXXXXXXXXXXXXXX
; XXXXXXXXXXXXXXXXXXXXXXXXXXXXXXXXXXXXXXXXXXXXXXXXXXXXXXXXXXXX
; XXXXXXXXXXXXXXXXXXXXXXXXXXXXXXXXXXXXXXXXXXXXXXXXXXXXXXXXXXXX
; XXXXXXXXXXXXXXXXXXXXXXXXXXXXXXXXXXXXXXXXXXXXXXXXXXXXXXXXXXXX
; XXXXXXXXXXXXXXXXXXXXXXXXXXXXXXXXXXXXXXXXXXXXXXXXXXXXXXXXXXXX
; XXXXXXXXXXXXXXXXXXXXXXXXXXXXXXXXXXXXXXXXXXXXXXXXXXXXXXXXXXXX
; XXXXXXXXXXXXXXXXXXXXXXXXXXXXXXXXXXXXXXXXXXXXXXXXXXXXXXXXXXXX
; XXXXXXXXXXXXXXXXXXXXXXXXXXXXXXXXXXXXXXXXXXXXXXXXXXXXXXXXXXXX
; XXXXXXXXXXXXXXXXXXXXXXXXXXXXXXXXXXXXXXXXXXXXXXXXXXXXXXXXXXXX
; XXXXXXXXXXXXXXXXXXXXXXXXXXXXXXXXXXXXXXXXXXXXXXXXXXXXXXXXXXXX
; XXXXXXXXXXXXXXXXXXXXXXXXXXXXXXXXXXXXXXXXXXXXXXXXXXXXXXXXXXXX
; XXXXXXXXXXXXXXXXXXXXXXXXXXXXXXXXXXXXXXXXXXXXXXXXXXXXXXXXXXXX
; XXXXXXXXXXXXXXXXXXXXXXXXXXXXXXXXXXXXXXXXXXXXXXXXXXXXXXXXXXXX
; XXXXXXXXXXXXXXXXXXXXXXXXXXXXXXXXXXXXXXXXXXXXXXXXXXXXXXXXXXXX
; XXXXXXXXXXXXXXXXXXXXXXXXXXXXXXXXXXXXXXXXXXXXXXXXXXXXXXXXXXXX
; XXXXXXXXXXXXXXXXXXXXXXXXXXXXXXXXXXXXXXXXXXXXXXXXXXXXXXXXXXXX
; XXXXXXXXXXXXXXXXXXXXXXXXXXXXXXXXXXXXXXXXXXXXXXXXXXXXXXXXXXXX
; XXXXXXXXXXXXXXXXXXXXXXXXXXXXXXXXXXXXXXXXXXXXXXXXXXXXXXXXXXXX
; XXXXXXXXXXXXXXXXXXXXXXXXXXXXXXXXXXXXXXXXXXXXXXXXXXXXXXXXXXXX
; XXXXXXXXXXXXXXXXXXXXXXXXXXXXXXXXXXXXXXXXXXXXXXXXXXXXXXXXXXXX
; XXXXXXXXXXXXXXXXXXXXXXXXXXXXXXXXXXXXXXXXXXXXXXXXXXXXXXXXXXXX
